[2025-10-19T16:11:19.762Z] 🔍 INICIANDO DIAGNÓSTICO DE FIREBASE AUTH
[2025-10-19T16:11:19.774Z] === VERIFICACIÓN DE VARIABLES DE ENTORNO ===
[2025-10-19T16:11:19.775Z] ✅ NEXT_PUBLIC_FIREBASE_API_KEY: AIzaSyAGbLMGcxSRumk-...
[2025-10-19T16:11:19.776Z] ✅ NEXT_PUBLIC_FIREBASE_AUTH_DOMAIN: teereserve-golf.fire...
[2025-10-19T16:11:19.776Z] ✅ NEXT_PUBLIC_FIREBASE_PROJECT_ID: teereserve-golf...
[2025-10-19T16:11:19.777Z] ✅ NEXT_PUBLIC_FIREBASE_STORAGE_BUCKET: teereserve-golf.fire...
[2025-10-19T16:11:19.778Z] ✅ NEXT_PUBLIC_FIREBASE_MESSAGING_SENDER_ID: 502212139547...
[2025-10-19T16:11:19.779Z] ✅ NEXT_PUBLIC_FIREBASE_APP_ID: 1:502212139547:web:3...
[2025-10-19T16:11:19.780Z] 
=== PRUEBA DE INICIALIZACIÓN DE FIREBASE ===
[2025-10-19T16:11:20.139Z] Inicializando Firebase...
[2025-10-19T16:11:20.142Z] ✅ Firebase inicializado correctamente
[2025-10-19T16:11:20.143Z] Project ID: teereserve-golf
[2025-10-19T16:11:20.143Z] Auth Domain: teereserve-golf.firebaseapp.com
[2025-10-19T16:11:20.146Z] 
=== DIAGNÓSTICO COMPLETADO ===
[2025-10-19T16:11:20.146Z] ✅ Configuración básica de Firebase está correcta
[2025-10-19T16:11:20.147Z] 📝 El error auth/invalid-credential probablemente se debe a:
[2025-10-19T16:11:20.148Z]    1. Usuario inexistente
[2025-10-19T16:11:20.148Z]    2. Contraseña incorrecta
[2025-10-19T16:11:20.149Z]    3. Email/Password no habilitado en Firebase Console
[2025-10-19T16:11:20.150Z]    4. Restricciones de dominio en Firebase Console
[2025-10-19T16:11:20.151Z] 
🔧 ACCIONES RECOMENDADAS:
[2025-10-19T16:11:20.152Z] 1. Verificar en Firebase Console > Authentication > Sign-in method
[2025-10-19T16:11:20.152Z] 2. Asegurar que "Email/Password" esté habilitado
[2025-10-19T16:11:20.153Z] 3. Verificar que el usuario existe en la pestaña "Users"
[2025-10-19T16:11:20.154Z] 4. Intentar crear un nuevo usuario para probar
